<?xml version="1.0" encoding="UTF-8"?>
<!-- Generated by org.testng.reporters.JUnitReportReporter -->
<testsuite hostname="DESKTOP-9282AMU" failures="0" tests="1" name="Academy.validateNavigationBar" time="0.078" errors="0" timestamp="2022-06-01T19:01:30 IST" skipped="0">
  <testcase classname="Academy.validateNavigationBar" name="validateAppNavBar" time="0.078"/>
  <system-out/>
</testsuite> <!-- Academy.validateNavigationBar -->
