<?xml version="1.0" encoding="UTF-8"?>
<!-- Generated by org.testng.reporters.JUnitReportReporter -->
<testsuite hostname="DESKTOP-9282AMU" failures="0" tests="1" name="Academy.validateNavigationBar" time="0.084" errors="0" timestamp="1 Jun 2022 15:43:25 GMT">
  <testcase classname="Academy.validateNavigationBar" name="validateAppNavBar" time="0.084"/>
</testsuite> <!-- Academy.validateNavigationBar -->
